/home/ciso0478/wstud-visit-the-dome-ss19

Split File into Training & Testing
/home/ciso0478/wstud-visit-the-dome-ss19/data/debatepedia/2019-05-31_18:01:55
....ok

Use UIMA to convert to XMI files
input directory: /home/ciso0478/wstud-visit-the-dome-ss19/data/debatepedia/2019-05-31_18:01:55
filename: debatepedia-preprocessed_train.json
output directory: /home/ciso0478/wstud-visit-the-dome-ss19/data/debatepedia/2019-05-31_18:01:55/xmi/debatepedia-preprocessed_train
...................................................................................................................................................................................................................................................................................................................................................................................filename: debatepedia-preprocessed_test.json
output directory: /home/ciso0478/wstud-visit-the-dome-ss19/data/debatepedia/2019-05-31_18:01:55/xmi/debatepedia-preprocessed_test
............................................................................................done
....ok

Generate Feature Files
training_path: /home/ciso0478/wstud-visit-the-dome-ss19/data/debatepedia/2019-05-31_18:01:55/xmi/debatepedia-preprocessed_train
testing_path: /home/ciso0478/wstud-visit-the-dome-ss19/data/debatepedia/2019-05-31_18:01:55/xmi/debatepedia-preprocessed_test
output_arff : /home/ciso0478/wstud-visit-the-dome-ss19/data/debatepedia/2019-05-31_18:01:55/arff
/home/ciso0478/wstud-visit-the-dome-ss19
/home/ciso0478/wstud-visit-the-dome-ss19
/home/ciso0478/wstud-visit-the-dome-ss19
[Ljava.lang.String;@6073f712
---------------------------------------------
Processing corpus in the directory 
/home/ciso0478/wstud-visit-the-dome-ss19/data/debatepedia/2019-05-31_18:01:55/xmi/debatepedia-preprocessed_train
---------------------------------------------

Initializing "../aitools4-ie-uima/conf/uima-descriptors/collection-readers/UIMAAnnotationFileReader.xml"...
finished in 0.587s

Initializing "../aitools4-ie-uima/conf/uima-descriptors/primitive-AEs/template/DummyAnalysisEngine.xml"...
finished in 0.191s

Determine candidate features on /home/ciso0478/wstud-visit-the-dome-ss19/data/debatepedia/2019-05-31_18:01:55/xmi/debatepedia-preprocessed_train.............100..........200..........300..........400..........500..........600..........700..........800..........900..........1000..........1100..........1200..........1300..........1400..........1500..........1600..........1700..........1800..........1900..........2000..........2100..........2200..........2300..........2400..........2500..........2600..........2700..........2800..........2900..........3000..........3100..........3200..........3300..........3400..........3500..........3600..........3700..........3800..........3900..........4000..........4100..........4200..........4300..........4400..........4500..........4600..........4700..........4800..........4900..........5000..........5100..........5200..........5300..........5400..........5500..........5600..........5700..........5800..........5900..........6000..........6100..........6200..........6300..........6400..........6500..........6600..........6700..........6800..........6900..........7000..........7100..........7200..........7300..........7400..........7500..........7600..........7700..........7800..........7900..........8000..........8100..........8200..........8300..........8400..........8500..........8600..........8700..........8800..........8900..........9000..........9100..........9200..........9300..........9400..........9500..........9600..........9700..........9800..........9900..........10000..........10100..........10200..........10300..........10400..........10500..........10600..........10700..........10800..........10900..........11000..........11100..........11200..........11300..........11400..........11500..........11600..........11700..........11800..........11900..........12000..........12100..........12200..........12300..........12400..........12500..........12600..........12700..........12800..........12900..........13000..........13100..........13200..........13300..........13400..........13500..........13600..........13700..........13800..........13900..........14000..........14100..........14200..........14300..........14400..........14500..........14600..........14700..........14800..........14900..........15000..........15100..........15200..........15300..........15400..........15500..........15600..........15700..........15800..........15900..........16000..........16100..........16200..........16300..........16400..........16500..........16600..........16700..........16800..........16900..........17000..........17100..........17200..........17300..........17400..........17500..........17600..........17700..........17800..........17900..........18000..........18100..........18200..........18300..........18400..........18500..........18600..........18700..........18800..........18900..........19000..........19100..........19200..........19300..........19400..........19500..........19600..........19700..........19800..........19900..........20000..........20100..........20200..........20300..........20400..........20500..........20600..........20700..........20800..........20900..........21000..........21100..........21200..........21300..........21400..........21500..........21600..........21700..........21800..........21900..........22000..........22100..........22200..........22300..........22400..........22500..........22600..........22700..........22800..........22900..........23000..........23100..........23200..........23300..........23400..........23500..........23600..........23700..........23800..........23900..........24000..........24100..........24200..........24300..........24400..........24500..........24600..........24700..........24800..........24900..........25000..........25100..........25200..........25300..........25400..........25500..........25600..........25700..........25800..........25900..........26000..........26100..........26200..........26300..........26400..........26500..........26600..........26700..........26800..........26900..........27000..........27100..........27200..........27300..........27400..........27500..........27600..........27700..........27800..........27900..........28000..........28100..........28200..........28300..........28400..........28500..........28600..........28700..........28800..........28900..........29000..........29100..........29200..........29300..........29400..........29500..........29600..........29700..........29800..........29900..........30000..........30100..........30200..........30300..........30400..........30500..........30600..........30700..........30800..........30900..........31000..........31100..........31200..........31300..........31400..........31500..........31600..........31700..........31800..........31900..........32000..........32100..........32200..........32300..........32400..........32500..........32600..........32700..........32800..........32900..........33000..........33100..........33200..........33300..........33400..........33500..........33600..........33700..........33800..........33900..........34000..........34100..........34200..........34300..........34400..........34500..........34600..........34700..........34800..........34900..........35000..........35100..........35200..........35300..........35400..........35500..........35600..........35700..........35800..........35900..........36000..........36100..........36200..........36300..........36400..........36500..........36600..........36700..........36800..........36900..........37000..........37100........
finished in 24.349s

Determine feature set...
finished in 0.225s

Initializing "../aitools4-ie-uima/conf/uima-descriptors/collection-readers/UIMAAnnotationFileReader.xml"...
finished in 0.214s

Initializing "../aitools4-ie-uima/conf/uima-descriptors/primitive-AEs/template/DummyAnalysisEngine.xml"...
finished in 0.026s

Compute feature values on /home/ciso0478/wstud-visit-the-dome-ss19/data/debatepedia/2019-05-31_18:01:55/xmi/debatepedia-preprocessed_train.............100..........200..........300..........400..........500..........600..........700..........800..........900..........1000..........1100..........1200..........1300..........1400..........1500..........1600..........1700..........1800..........1900..........2000..........2100..........2200..........2300..........2400..........2500..........2600..........2700..........2800..........2900..........3000..........3100..........3200..........3300..........3400..........3500..........3600..........3700..........3800..........3900..........4000..........4100..........4200..........4300..........4400..........4500..........4600..........4700..........4800..........4900..........5000..........5100..........5200..........5300..........5400..........5500..........5600..........5700..........5800..........5900..........6000..........6100..........6200..........6300..........6400..........6500..........6600..........6700..........6800..........6900..........7000..........7100..........7200..........7300..........7400..........7500..........7600..........7700..........7800..........7900..........8000..........8100..........8200..........8300..........8400..........8500..........8600..........8700..........8800..........8900..........9000..........9100..........9200..........9300..........9400..........9500..........9600..........9700..........9800..........9900..........10000..........10100..........10200..........10300..........10400..........10500..........10600..........10700..........10800..........10900..........11000..........11100..........11200..........11300..........11400..........11500..........11600..........11700..........11800..........11900..........12000..........12100..........12200..........12300..........12400..........12500..........12600..........12700..........12800..........12900..........13000..........13100..........13200..........13300..........13400..........13500..........13600..........13700..........13800..........13900..........14000..........14100..........14200..........14300..........14400..........14500..........14600..........14700..........14800..........14900..........15000..........15100..........15200..........15300..........15400..........15500..........15600..........15700..........15800..........15900..........16000..........16100..........16200..........16300..........16400..........16500..........16600..........16700..........16800..........16900..........17000..........17100..........17200..........17300..........17400..........17500..........17600..........17700..........17800..........17900..........18000..........18100..........18200..........18300..........18400..........18500..........18600..........18700..........18800..........18900..........19000..........19100..........19200..........19300..........19400..........19500..........19600..........19700..........19800..........19900..........20000..........20100..........20200..........20300..........20400..........20500..........20600..........20700..........20800..........20900..........21000..........21100..........21200..........21300..........21400..........21500..........21600..........21700..........21800..........21900..........22000..........22100..........22200..........22300..........22400..........22500..........22600..........22700..........22800..........22900..........23000..........23100..........23200..........23300..........23400..........23500..........23600..........23700..........23800..........23900..........24000..........24100..........24200..........24300..........24400..........24500..........24600..........24700..........24800..........24900..........25000..........25100..........25200..........25300..........25400..........25500..........25600..........25700..........25800..........25900..........26000..........26100..........26200..........26300..........26400..........26500..........26600..........26700..........26800..........26900..........27000..........27100..........27200..........27300..........27400..........27500..........27600..........27700..........27800..........27900..........28000..........28100..........28200..........28300..........28400..........28500..........28600..........28700..........28800..........28900..........29000..........29100..........29200..........29300..........29400..........29500..........29600..........29700..........29800..........29900..........30000..........30100..........30200..........30300..........30400..........30500..........30600..........30700..........30800..........30900..........31000..........31100..........31200..........31300..........31400..........31500..........31600..........31700..........31800..........31900..........32000..........32100..........32200..........32300..........32400..........32500..........32600..........32700..........32800..........32900..........33000..........33100..........33200..........33300..........33400..........33500..........33600..........33700..........33800..........33900..........34000..........34100..........34200..........34300..........34400..........34500..........34600..........34700..........34800..........34900..........35000..........35100..........35200..........35300..........35400..........35500..........35600..........35700..........35800..........35900..........36000..........36100..........36200..........36300..........36400..........36500..........36600..........36700..........36800..........36900..........37000..........37100........
finished in 18.671s


---------------------------------------------
Processing corpus in the directory 
/home/ciso0478/wstud-visit-the-dome-ss19/data/debatepedia/2019-05-31_18:01:55/xmi/debatepedia-preprocessed_test
---------------------------------------------

Initializing "../aitools4-ie-uima/conf/uima-descriptors/collection-readers/UIMAAnnotationFileReader.xml"...
finished in 0.048s

Initializing "../aitools4-ie-uima/conf/uima-descriptors/primitive-AEs/template/DummyAnalysisEngine.xml"...
finished in 0.018s

Compute feature values on /home/ciso0478/wstud-visit-the-dome-ss19/data/debatepedia/2019-05-31_18:01:55/xmi/debatepedia-preprocessed_test.............100..........200..........300..........400..........500..........600..........700..........800..........900..........1000..........1100..........1200..........1300..........1400..........1500..........1600..........1700..........1800..........1900..........2000..........2100..........2200..........2300..........2400..........2500..........2600..........2700..........2800..........2900..........3000..........3100..........3200..........3300..........3400..........3500..........3600..........3700..........3800..........3900..........4000..........4100..........4200..........4300..........4400..........4500..........4600..........4700..........4800..........4900..........5000..........5100..........5200..........5300..........5400..........5500..........5600..........5700..........5800..........5900..........6000..........6100..........6200..........6300..........6400..........6500..........6600..........6700..........6800..........6900..........7000..........7100..........7200..........7300..........7400..........7500..........7600..........7700..........7800..........7900..........8000..........8100..........8200..........8300..........8400..........8500..........8600..........8700..........8800..........8900..........9000..........9100..........9200.........
finished in 4.857s


....ok



Use Weka to train classifier
arff_folder: /home/ciso0478/wstud-visit-the-dome-ss19/data/debatepedia/2019-05-31_18:01:55/arff
train_path: /home/ciso0478/wstud-visit-the-dome-ss19/data/debatepedia/2019-05-31_18:01:55/arff/debatepedia-pos-token-content-length_2019-05-31_-home-ciso0478-wstud-visit-the-dome-ss19-data-debatepedia-2019-05-31_18:01:55-xmi-debatepedia-preprocessed_train.arff
test_path: /home/ciso0478/wstud-visit-the-dome-ss19/data/debatepedia/2019-05-31_18:01:55/arff/debatepedia-pos-token-content-length_2019-05-31_-home-ciso0478-wstud-visit-the-dome-ss19-data-debatepedia-2019-05-31_18:01:55-xmi-debatepedia-preprocessed_test.arff
WARNING: An illegal reflective access operation has occurred
WARNING: Illegal reflective access by weka.core.WekaPackageClassLoaderManager (file:/home/ciso0478/weka/weka.jar) to method java.lang.ClassLoader.defineClass(java.lang.String,byte[],int,int,java.security.ProtectionDomain)
WARNING: Please consider reporting this to the maintainers of weka.core.WekaPackageClassLoaderManager
WARNING: Use --illegal-access=warn to enable warnings of further illegal reflective access operations
WARNING: All illegal access operations will be denied in a future release

Time taken to test model on training data: 17.76 seconds

=== Error on training data ===

Correctly Classified Instances       56045               99.9982 %
Incorrectly Classified Instances         1                0.0018 %
Kappa statistic                          1     
Mean absolute error                      0.0272
Root mean squared error                  0.0578
Relative absolute error                  5.4429 %
Root relative squared error             11.5508 %
Total Number of Instances            56046     


=== Detailed Accuracy By Class ===

                 TP Rate  FP Rate  Precision  Recall   F-Measure  MCC      ROC Area  PRC Area  Class
                 1.000    0.000    1.000      1.000    1.000      1.000    1.000     1.000     conclusion
                 1.000    0.000    1.000      1.000    1.000      1.000    1.000     1.000     premise
Weighted Avg.    1.000    0.000    1.000      1.000    1.000      1.000    1.000     1.000     


=== Confusion Matrix ===

     a     b   <-- classified as
 28023     0 |     a = conclusion
     1 28022 |     b = premise

Time taken to test model on test data: 3.11 seconds

=== Error on test data ===

Correctly Classified Instances        8506               91.4919 %
Incorrectly Classified Instances       791                8.5081 %
Kappa statistic                          0.771 
Mean absolute error                      0.1542
Root mean squared error                  0.2536
Relative absolute error                 30.8465 %
Root relative squared error             50.7237 %
Total Number of Instances             9297     


=== Detailed Accuracy By Class ===

                 TP Rate  FP Rate  Precision  Recall   F-Measure  MCC      ROC Area  PRC Area  Class
                 0.796    0.044    0.862      0.796    0.827      0.772    0.962     0.916     conclusion
                 0.956    0.204    0.931      0.956    0.944      0.772    0.962     0.984     premise
Weighted Avg.    0.915    0.163    0.914      0.915    0.914      0.772    0.962     0.966     


=== Confusion Matrix ===

    a    b   <-- classified as
 1895  487 |    a = conclusion
  304 6611 |    b = premise

....ok

